<?xml version="1.0" encoding="UTF-8"?>
<!-- Generated by org.testng.reporters.JUnitReportReporter -->
<testsuite hostname="MWDH-Work2" failures="0" tests="1" name="Ass3XpathLocator.chromeWebDriver" time="17.879" errors="0" timestamp="2022-07-24T21:36:55 AST" skipped="0">
  <testcase classname="Ass3XpathLocator.chromeWebDriver" name="f" time="17.879"/>
  <system-out/>
</testsuite> <!-- Ass3XpathLocator.chromeWebDriver -->
